2025-09-24T11:54:10.768+05:30  INFO 8652 --- [business-management] [restartedMain] c.s.b.BusinessManagementApplication      : Starting BusinessManagementApplication using Java 21.0.8 with PID 8652 (D:\business-management\business-management\target\classes started by admin in D:\business-management\business-management)
2025-09-24T11:54:10.768+05:30  INFO 8652 --- [business-management] [restartedMain] c.s.b.BusinessManagementApplication      : No active profile set, falling back to 1 default profile: "default"
2025-09-24T11:54:10.901+05:30  INFO 8652 --- [business-management] [restartedMain] .e.DevToolsPropertyDefaultsPostProcessor : Devtools property defaults active! Set 'spring.devtools.add-properties' to 'false' to disable
2025-09-24T11:54:10.901+05:30  INFO 8652 --- [business-management] [restartedMain] .e.DevToolsPropertyDefaultsPostProcessor : For additional web related logging consider setting the 'logging.level.web' property to 'DEBUG'
2025-09-24T11:54:13.293+05:30  INFO 8652 --- [business-management] [restartedMain] .s.d.r.c.RepositoryConfigurationDelegate : Bootstrapping Spring Data JPA repositories in DEFAULT mode.
2025-09-24T11:54:13.474+05:30  INFO 8652 --- [business-management] [restartedMain] .s.d.r.c.RepositoryConfigurationDelegate : Finished Spring Data repository scanning in 121 ms. Found 2 JPA repository interfaces.
2025-09-24T11:54:14.796+05:30  INFO 8652 --- [business-management] [restartedMain] o.s.b.w.embedded.tomcat.TomcatWebServer  : Tomcat initialized with port 8080 (http)
2025-09-24T11:54:14.833+05:30  INFO 8652 --- [business-management] [restartedMain] o.apache.catalina.core.StandardService   : Starting service [Tomcat]
2025-09-24T11:54:14.836+05:30  INFO 8652 --- [business-management] [restartedMain] o.apache.catalina.core.StandardEngine    : Starting Servlet engine: [Apache Tomcat/10.1.46]
2025-09-24T11:54:14.951+05:30  INFO 8652 --- [business-management] [restartedMain] o.a.c.c.C.[Tomcat].[localhost].[/]       : Initializing Spring embedded WebApplicationContext
2025-09-24T11:54:14.951+05:30  INFO 8652 --- [business-management] [restartedMain] w.s.c.ServletWebServerApplicationContext : Root WebApplicationContext: initialization completed in 4046 ms
2025-09-24T11:54:15.340+05:30  INFO 8652 --- [business-management] [restartedMain] o.hibernate.jpa.internal.util.LogHelper  : HHH000204: Processing PersistenceUnitInfo [name: default]
2025-09-24T11:54:15.453+05:30  INFO 8652 --- [business-management] [restartedMain] org.hibernate.Version                    : HHH000412: Hibernate ORM core version 6.6.29.Final
2025-09-24T11:54:15.531+05:30  INFO 8652 --- [business-management] [restartedMain] o.h.c.internal.RegionFactoryInitiator    : HHH000026: Second-level cache disabled
2025-09-24T11:54:16.257+05:30  INFO 8652 --- [business-management] [restartedMain] o.s.o.j.p.SpringPersistenceUnitInfo      : No LoadTimeWeaver setup: ignoring JPA class transformer
2025-09-24T11:54:16.362+05:30  INFO 8652 --- [business-management] [restartedMain] com.zaxxer.hikari.HikariDataSource       : HikariPool-1 - Starting...
2025-09-24T11:54:16.796+05:30  INFO 8652 --- [business-management] [restartedMain] com.zaxxer.hikari.pool.HikariPool        : HikariPool-1 - Added connection org.postgresql.jdbc.PgConnection@326e0a7b
2025-09-24T11:54:16.811+05:30  INFO 8652 --- [business-management] [restartedMain] com.zaxxer.hikari.HikariDataSource       : HikariPool-1 - Start completed.
2025-09-24T11:54:16.900+05:30  WARN 8652 --- [business-management] [restartedMain] org.hibernate.orm.deprecation            : HHH90000025: PostgreSQLDialect does not need to be specified explicitly using 'hibernate.dialect' (remove the property setting and it will be selected by default)
2025-09-24T11:54:16.949+05:30  INFO 8652 --- [business-management] [restartedMain] org.hibernate.orm.connections.pooling    : HHH10001005: Database info:
	Database JDBC URL [Connecting through datasource 'HikariDataSource (HikariPool-1)']
	Database driver: undefined/unknown
	Database version: 16.10
	Autocommit mode: undefined/unknown
	Isolation level: undefined/unknown
	Minimum pool size: undefined/unknown
	Maximum pool size: undefined/unknown
2025-09-24T11:54:18.498+05:30  INFO 8652 --- [business-management] [restartedMain] o.h.e.t.j.p.i.JtaPlatformInitiator       : HHH000489: No JTA platform available (set 'hibernate.transaction.jta.platform' to enable JTA platform integration)
2025-09-24T11:54:18.641+05:30  INFO 8652 --- [business-management] [restartedMain] j.LocalContainerEntityManagerFactoryBean : Initialized JPA EntityManagerFactory for persistence unit 'default'
2025-09-24T11:54:19.122+05:30  WARN 8652 --- [business-management] [restartedMain] JpaBaseConfiguration$JpaWebConfiguration : spring.jpa.open-in-view is enabled by default. Therefore, database queries may be performed during view rendering. Explicitly configure spring.jpa.open-in-view to disable this warning
2025-09-24T11:54:19.178+05:30  WARN 8652 --- [business-management] [restartedMain] .s.s.UserDetailsServiceAutoConfiguration : 

Using generated security password: 246aef44-3354-4067-b866-be4085403be5

This generated password is for development use only. Your security configuration must be updated before running your application in production.

2025-09-24T11:54:19.186+05:30  INFO 8652 --- [business-management] [restartedMain] r$InitializeUserDetailsManagerConfigurer : Global AuthenticationManager configured with UserDetailsService bean with name inMemoryUserDetailsManager
2025-09-24T11:54:20.374+05:30  INFO 8652 --- [business-management] [restartedMain] o.s.b.d.a.OptionalLiveReloadServer       : LiveReload server is running on port 35729
2025-09-24T11:54:20.437+05:30  INFO 8652 --- [business-management] [restartedMain] o.s.b.w.embedded.tomcat.TomcatWebServer  : Tomcat started on port 8080 (http) with context path '/'
2025-09-24T11:54:20.461+05:30  INFO 8652 --- [business-management] [restartedMain] c.s.b.BusinessManagementApplication      : Started BusinessManagementApplication in 11.073 seconds (process running for 12.762)
2025-09-24T11:55:22.667+05:30  INFO 8652 --- [business-management] [http-nio-8080-exec-2] o.a.c.c.C.[Tomcat].[localhost].[/]       : Initializing Spring DispatcherServlet 'dispatcherServlet'
2025-09-24T11:55:22.667+05:30  INFO 8652 --- [business-management] [http-nio-8080-exec-2] o.s.web.servlet.DispatcherServlet        : Initializing Servlet 'dispatcherServlet'
2025-09-24T11:55:22.667+05:30  INFO 8652 --- [business-management] [http-nio-8080-exec-2] o.s.web.servlet.DispatcherServlet        : Completed initialization in 0 ms
2025-09-24T11:55:22.983+05:30  INFO 8652 --- [business-management] [http-nio-8080-exec-2] c.s.b.controller.AppUserController       : GET request: Fetching user with ID7
2025-09-24T11:57:06.390+05:30  INFO 8652 --- [business-management] [http-nio-8080-exec-5] c.s.b.controller.AppUserController       : GET request: Fetching all users
2025-09-24T11:58:19.929+05:30  INFO 8652 --- [business-management] [SpringApplicationShutdownHook] o.s.b.w.e.tomcat.GracefulShutdown        : Commencing graceful shutdown. Waiting for active requests to complete
2025-09-24T11:58:19.938+05:30  INFO 8652 --- [business-management] [tomcat-shutdown] o.s.b.w.e.tomcat.GracefulShutdown        : Graceful shutdown complete
2025-09-24T11:58:19.945+05:30  INFO 8652 --- [business-management] [SpringApplicationShutdownHook] j.LocalContainerEntityManagerFactoryBean : Closing JPA EntityManagerFactory for persistence unit 'default'
2025-09-24T11:58:19.951+05:30  INFO 8652 --- [business-management] [SpringApplicationShutdownHook] com.zaxxer.hikari.HikariDataSource       : HikariPool-1 - Shutdown initiated...
2025-09-24T11:58:19.956+05:30  INFO 8652 --- [business-management] [SpringApplicationShutdownHook] com.zaxxer.hikari.HikariDataSource       : HikariPool-1 - Shutdown completed.
2025-09-24T11:58:27.606+05:30  INFO 6232 --- [business-management] [restartedMain] c.s.b.BusinessManagementApplication      : Starting BusinessManagementApplication using Java 21.0.8 with PID 6232 (D:\business-management\business-management\target\classes started by admin in D:\business-management\business-management)
2025-09-24T11:58:27.611+05:30  INFO 6232 --- [business-management] [restartedMain] c.s.b.BusinessManagementApplication      : No active profile set, falling back to 1 default profile: "default"
2025-09-24T11:58:27.727+05:30  INFO 6232 --- [business-management] [restartedMain] .e.DevToolsPropertyDefaultsPostProcessor : Devtools property defaults active! Set 'spring.devtools.add-properties' to 'false' to disable
2025-09-24T11:58:27.727+05:30  INFO 6232 --- [business-management] [restartedMain] .e.DevToolsPropertyDefaultsPostProcessor : For additional web related logging consider setting the 'logging.level.web' property to 'DEBUG'
2025-09-24T11:58:29.251+05:30  INFO 6232 --- [business-management] [restartedMain] .s.d.r.c.RepositoryConfigurationDelegate : Bootstrapping Spring Data JPA repositories in DEFAULT mode.
2025-09-24T11:58:29.395+05:30  INFO 6232 --- [business-management] [restartedMain] .s.d.r.c.RepositoryConfigurationDelegate : Finished Spring Data repository scanning in 101 ms. Found 2 JPA repository interfaces.
2025-09-24T11:58:30.886+05:30  INFO 6232 --- [business-management] [restartedMain] o.s.b.w.embedded.tomcat.TomcatWebServer  : Tomcat initialized with port 8080 (http)
2025-09-24T11:58:30.914+05:30  INFO 6232 --- [business-management] [restartedMain] o.apache.catalina.core.StandardService   : Starting service [Tomcat]
2025-09-24T11:58:30.914+05:30  INFO 6232 --- [business-management] [restartedMain] o.apache.catalina.core.StandardEngine    : Starting Servlet engine: [Apache Tomcat/10.1.46]
2025-09-24T11:58:30.998+05:30  INFO 6232 --- [business-management] [restartedMain] o.a.c.c.C.[Tomcat].[localhost].[/]       : Initializing Spring embedded WebApplicationContext
2025-09-24T11:58:31.000+05:30  INFO 6232 --- [business-management] [restartedMain] w.s.c.ServletWebServerApplicationContext : Root WebApplicationContext: initialization completed in 3269 ms
2025-09-24T11:58:31.546+05:30  INFO 6232 --- [business-management] [restartedMain] o.hibernate.jpa.internal.util.LogHelper  : HHH000204: Processing PersistenceUnitInfo [name: default]
2025-09-24T11:58:31.667+05:30  INFO 6232 --- [business-management] [restartedMain] org.hibernate.Version                    : HHH000412: Hibernate ORM core version 6.6.29.Final
2025-09-24T11:58:31.750+05:30  INFO 6232 --- [business-management] [restartedMain] o.h.c.internal.RegionFactoryInitiator    : HHH000026: Second-level cache disabled
2025-09-24T11:58:32.274+05:30  INFO 6232 --- [business-management] [restartedMain] o.s.o.j.p.SpringPersistenceUnitInfo      : No LoadTimeWeaver setup: ignoring JPA class transformer
2025-09-24T11:58:32.338+05:30  INFO 6232 --- [business-management] [restartedMain] com.zaxxer.hikari.HikariDataSource       : HikariPool-1 - Starting...
2025-09-24T11:58:32.867+05:30  INFO 6232 --- [business-management] [restartedMain] com.zaxxer.hikari.pool.HikariPool        : HikariPool-1 - Added connection org.postgresql.jdbc.PgConnection@12f6ba45
2025-09-24T11:58:32.867+05:30  INFO 6232 --- [business-management] [restartedMain] com.zaxxer.hikari.HikariDataSource       : HikariPool-1 - Start completed.
2025-09-24T11:58:32.928+05:30  WARN 6232 --- [business-management] [restartedMain] org.hibernate.orm.deprecation            : HHH90000025: PostgreSQLDialect does not need to be specified explicitly using 'hibernate.dialect' (remove the property setting and it will be selected by default)
2025-09-24T11:58:32.969+05:30  INFO 6232 --- [business-management] [restartedMain] org.hibernate.orm.connections.pooling    : HHH10001005: Database info:
	Database JDBC URL [Connecting through datasource 'HikariDataSource (HikariPool-1)']
	Database driver: undefined/unknown
	Database version: 16.10
	Autocommit mode: undefined/unknown
	Isolation level: undefined/unknown
	Minimum pool size: undefined/unknown
	Maximum pool size: undefined/unknown
2025-09-24T11:58:34.564+05:30  INFO 6232 --- [business-management] [restartedMain] o.h.e.t.j.p.i.JtaPlatformInitiator       : HHH000489: No JTA platform available (set 'hibernate.transaction.jta.platform' to enable JTA platform integration)
2025-09-24T11:58:34.637+05:30  INFO 6232 --- [business-management] [restartedMain] j.LocalContainerEntityManagerFactoryBean : Initialized JPA EntityManagerFactory for persistence unit 'default'
2025-09-24T11:58:35.122+05:30  WARN 6232 --- [business-management] [restartedMain] JpaBaseConfiguration$JpaWebConfiguration : spring.jpa.open-in-view is enabled by default. Therefore, database queries may be performed during view rendering. Explicitly configure spring.jpa.open-in-view to disable this warning
2025-09-24T11:58:35.212+05:30  WARN 6232 --- [business-management] [restartedMain] .s.s.UserDetailsServiceAutoConfiguration : 

Using generated security password: 9c0cb788-9a6c-46f6-ac35-51bc7620e612

This generated password is for development use only. Your security configuration must be updated before running your application in production.

2025-09-24T11:58:35.271+05:30  INFO 6232 --- [business-management] [restartedMain] r$InitializeUserDetailsManagerConfigurer : Global AuthenticationManager configured with UserDetailsService bean with name inMemoryUserDetailsManager
2025-09-24T11:58:36.391+05:30  INFO 6232 --- [business-management] [restartedMain] o.s.b.d.a.OptionalLiveReloadServer       : LiveReload server is running on port 35729
2025-09-24T11:58:36.446+05:30  INFO 6232 --- [business-management] [restartedMain] o.s.b.w.embedded.tomcat.TomcatWebServer  : Tomcat started on port 8080 (http) with context path '/'
2025-09-24T11:58:36.463+05:30  INFO 6232 --- [business-management] [restartedMain] c.s.b.BusinessManagementApplication      : Started BusinessManagementApplication in 9.899 seconds (process running for 10.904)
2025-09-24T11:59:10.290+05:30  INFO 6232 --- [business-management] [SpringApplicationShutdownHook] o.s.b.w.e.tomcat.GracefulShutdown        : Commencing graceful shutdown. Waiting for active requests to complete
2025-09-24T11:59:10.296+05:30  INFO 6232 --- [business-management] [tomcat-shutdown] o.s.b.w.e.tomcat.GracefulShutdown        : Graceful shutdown complete
2025-09-24T11:59:10.307+05:30  INFO 6232 --- [business-management] [SpringApplicationShutdownHook] j.LocalContainerEntityManagerFactoryBean : Closing JPA EntityManagerFactory for persistence unit 'default'
2025-09-24T11:59:10.312+05:30  INFO 6232 --- [business-management] [SpringApplicationShutdownHook] com.zaxxer.hikari.HikariDataSource       : HikariPool-1 - Shutdown initiated...
2025-09-24T11:59:10.320+05:30  INFO 6232 --- [business-management] [SpringApplicationShutdownHook] com.zaxxer.hikari.HikariDataSource       : HikariPool-1 - Shutdown completed.
2025-09-24T11:59:16.893+05:30  INFO 17792 --- [business-management] [restartedMain] c.s.b.BusinessManagementApplication      : Starting BusinessManagementApplication using Java 21.0.8 with PID 17792 (D:\business-management\business-management\target\classes started by admin in D:\business-management\business-management)
2025-09-24T11:59:16.898+05:30  INFO 17792 --- [business-management] [restartedMain] c.s.b.BusinessManagementApplication      : No active profile set, falling back to 1 default profile: "default"
2025-09-24T11:59:17.028+05:30  INFO 17792 --- [business-management] [restartedMain] .e.DevToolsPropertyDefaultsPostProcessor : Devtools property defaults active! Set 'spring.devtools.add-properties' to 'false' to disable
2025-09-24T11:59:17.030+05:30  INFO 17792 --- [business-management] [restartedMain] .e.DevToolsPropertyDefaultsPostProcessor : For additional web related logging consider setting the 'logging.level.web' property to 'DEBUG'
2025-09-24T11:59:18.532+05:30  INFO 17792 --- [business-management] [restartedMain] .s.d.r.c.RepositoryConfigurationDelegate : Bootstrapping Spring Data JPA repositories in DEFAULT mode.
2025-09-24T11:59:18.696+05:30  INFO 17792 --- [business-management] [restartedMain] .s.d.r.c.RepositoryConfigurationDelegate : Finished Spring Data repository scanning in 134 ms. Found 2 JPA repository interfaces.
2025-09-24T11:59:20.016+05:30  INFO 17792 --- [business-management] [restartedMain] o.s.b.w.embedded.tomcat.TomcatWebServer  : Tomcat initialized with port 8080 (http)
2025-09-24T11:59:20.070+05:30  INFO 17792 --- [business-management] [restartedMain] o.apache.catalina.core.StandardService   : Starting service [Tomcat]
2025-09-24T11:59:20.070+05:30  INFO 17792 --- [business-management] [restartedMain] o.apache.catalina.core.StandardEngine    : Starting Servlet engine: [Apache Tomcat/10.1.46]
2025-09-24T11:59:20.229+05:30  INFO 17792 --- [business-management] [restartedMain] o.a.c.c.C.[Tomcat].[localhost].[/]       : Initializing Spring embedded WebApplicationContext
2025-09-24T11:59:20.229+05:30  INFO 17792 --- [business-management] [restartedMain] w.s.c.ServletWebServerApplicationContext : Root WebApplicationContext: initialization completed in 3197 ms
2025-09-24T11:59:20.672+05:30  INFO 17792 --- [business-management] [restartedMain] o.hibernate.jpa.internal.util.LogHelper  : HHH000204: Processing PersistenceUnitInfo [name: default]
2025-09-24T11:59:20.772+05:30  INFO 17792 --- [business-management] [restartedMain] org.hibernate.Version                    : HHH000412: Hibernate ORM core version 6.6.29.Final
2025-09-24T11:59:20.833+05:30  INFO 17792 --- [business-management] [restartedMain] o.h.c.internal.RegionFactoryInitiator    : HHH000026: Second-level cache disabled
2025-09-24T11:59:21.461+05:30  INFO 17792 --- [business-management] [restartedMain] o.s.o.j.p.SpringPersistenceUnitInfo      : No LoadTimeWeaver setup: ignoring JPA class transformer
2025-09-24T11:59:21.523+05:30  INFO 17792 --- [business-management] [restartedMain] com.zaxxer.hikari.HikariDataSource       : HikariPool-1 - Starting...
2025-09-24T11:59:21.996+05:30  INFO 17792 --- [business-management] [restartedMain] com.zaxxer.hikari.pool.HikariPool        : HikariPool-1 - Added connection org.postgresql.jdbc.PgConnection@697cead8
2025-09-24T11:59:22.009+05:30  INFO 17792 --- [business-management] [restartedMain] com.zaxxer.hikari.HikariDataSource       : HikariPool-1 - Start completed.
2025-09-24T11:59:22.073+05:30  WARN 17792 --- [business-management] [restartedMain] org.hibernate.orm.deprecation            : HHH90000025: PostgreSQLDialect does not need to be specified explicitly using 'hibernate.dialect' (remove the property setting and it will be selected by default)
2025-09-24T11:59:22.109+05:30  INFO 17792 --- [business-management] [restartedMain] org.hibernate.orm.connections.pooling    : HHH10001005: Database info:
	Database JDBC URL [Connecting through datasource 'HikariDataSource (HikariPool-1)']
	Database driver: undefined/unknown
	Database version: 16.10
	Autocommit mode: undefined/unknown
	Isolation level: undefined/unknown
	Minimum pool size: undefined/unknown
	Maximum pool size: undefined/unknown
2025-09-24T11:59:23.990+05:30  INFO 17792 --- [business-management] [restartedMain] o.h.e.t.j.p.i.JtaPlatformInitiator       : HHH000489: No JTA platform available (set 'hibernate.transaction.jta.platform' to enable JTA platform integration)
2025-09-24T11:59:24.117+05:30  INFO 17792 --- [business-management] [restartedMain] j.LocalContainerEntityManagerFactoryBean : Initialized JPA EntityManagerFactory for persistence unit 'default'
2025-09-24T11:59:24.688+05:30  WARN 17792 --- [business-management] [restartedMain] JpaBaseConfiguration$JpaWebConfiguration : spring.jpa.open-in-view is enabled by default. Therefore, database queries may be performed during view rendering. Explicitly configure spring.jpa.open-in-view to disable this warning
2025-09-24T11:59:24.778+05:30  WARN 17792 --- [business-management] [restartedMain] .s.s.UserDetailsServiceAutoConfiguration : 

Using generated security password: 71c20583-5826-41b5-aa3b-0b7e8285ecab

This generated password is for development use only. Your security configuration must be updated before running your application in production.

2025-09-24T11:59:24.799+05:30  INFO 17792 --- [business-management] [restartedMain] r$InitializeUserDetailsManagerConfigurer : Global AuthenticationManager configured with UserDetailsService bean with name inMemoryUserDetailsManager
2025-09-24T11:59:25.854+05:30  INFO 17792 --- [business-management] [restartedMain] o.s.b.d.a.OptionalLiveReloadServer       : LiveReload server is running on port 35729
2025-09-24T11:59:25.902+05:30  INFO 17792 --- [business-management] [restartedMain] o.s.b.w.embedded.tomcat.TomcatWebServer  : Tomcat started on port 8080 (http) with context path '/'
2025-09-24T11:59:25.916+05:30  INFO 17792 --- [business-management] [restartedMain] c.s.b.BusinessManagementApplication      : Started BusinessManagementApplication in 10.046 seconds (process running for 11.153)
2025-09-24T11:59:45.545+05:30  INFO 17792 --- [business-management] [http-nio-8080-exec-1] o.a.c.c.C.[Tomcat].[localhost].[/]       : Initializing Spring DispatcherServlet 'dispatcherServlet'
2025-09-24T11:59:45.545+05:30  INFO 17792 --- [business-management] [http-nio-8080-exec-1] o.s.web.servlet.DispatcherServlet        : Initializing Servlet 'dispatcherServlet'
2025-09-24T11:59:45.552+05:30  INFO 17792 --- [business-management] [http-nio-8080-exec-1] o.s.web.servlet.DispatcherServlet        : Completed initialization in 7 ms
2025-09-24T11:59:45.750+05:30  INFO 17792 --- [business-management] [http-nio-8080-exec-1] c.s.b.controller.AppUserController       : GET request: Fetching all users
2025-09-24T12:00:09.516+05:30  INFO 17792 --- [business-management] [SpringApplicationShutdownHook] o.s.b.w.e.tomcat.GracefulShutdown        : Commencing graceful shutdown. Waiting for active requests to complete
2025-09-24T12:00:09.526+05:30  INFO 17792 --- [business-management] [tomcat-shutdown] o.s.b.w.e.tomcat.GracefulShutdown        : Graceful shutdown complete
2025-09-24T12:00:09.535+05:30  INFO 17792 --- [business-management] [SpringApplicationShutdownHook] j.LocalContainerEntityManagerFactoryBean : Closing JPA EntityManagerFactory for persistence unit 'default'
2025-09-24T12:00:09.543+05:30  INFO 17792 --- [business-management] [SpringApplicationShutdownHook] com.zaxxer.hikari.HikariDataSource       : HikariPool-1 - Shutdown initiated...
2025-09-24T12:00:09.543+05:30  INFO 17792 --- [business-management] [SpringApplicationShutdownHook] com.zaxxer.hikari.HikariDataSource       : HikariPool-1 - Shutdown completed.
2025-09-24T12:00:17.198+05:30  INFO 1032 --- [business-management] [restartedMain] c.s.b.BusinessManagementApplication      : Starting BusinessManagementApplication using Java 21.0.8 with PID 1032 (D:\business-management\business-management\target\classes started by admin in D:\business-management\business-management)
2025-09-24T12:00:17.202+05:30  INFO 1032 --- [business-management] [restartedMain] c.s.b.BusinessManagementApplication      : No active profile set, falling back to 1 default profile: "default"
2025-09-24T12:00:17.318+05:30  INFO 1032 --- [business-management] [restartedMain] .e.DevToolsPropertyDefaultsPostProcessor : Devtools property defaults active! Set 'spring.devtools.add-properties' to 'false' to disable
2025-09-24T12:00:17.318+05:30  INFO 1032 --- [business-management] [restartedMain] .e.DevToolsPropertyDefaultsPostProcessor : For additional web related logging consider setting the 'logging.level.web' property to 'DEBUG'
2025-09-24T12:00:18.891+05:30  INFO 1032 --- [business-management] [restartedMain] .s.d.r.c.RepositoryConfigurationDelegate : Bootstrapping Spring Data JPA repositories in DEFAULT mode.
2025-09-24T12:00:19.036+05:30  INFO 1032 --- [business-management] [restartedMain] .s.d.r.c.RepositoryConfigurationDelegate : Finished Spring Data repository scanning in 111 ms. Found 2 JPA repository interfaces.
2025-09-24T12:00:20.622+05:30  INFO 1032 --- [business-management] [restartedMain] o.s.b.w.embedded.tomcat.TomcatWebServer  : Tomcat initialized with port 8080 (http)
2025-09-24T12:00:20.674+05:30  INFO 1032 --- [business-management] [restartedMain] o.apache.catalina.core.StandardService   : Starting service [Tomcat]
2025-09-24T12:00:20.674+05:30  INFO 1032 --- [business-management] [restartedMain] o.apache.catalina.core.StandardEngine    : Starting Servlet engine: [Apache Tomcat/10.1.46]
2025-09-24T12:00:20.815+05:30  INFO 1032 --- [business-management] [restartedMain] o.a.c.c.C.[Tomcat].[localhost].[/]       : Initializing Spring embedded WebApplicationContext
2025-09-24T12:00:20.815+05:30  INFO 1032 --- [business-management] [restartedMain] w.s.c.ServletWebServerApplicationContext : Root WebApplicationContext: initialization completed in 3497 ms
2025-09-24T12:00:21.210+05:30  INFO 1032 --- [business-management] [restartedMain] o.hibernate.jpa.internal.util.LogHelper  : HHH000204: Processing PersistenceUnitInfo [name: default]
2025-09-24T12:00:21.296+05:30  INFO 1032 --- [business-management] [restartedMain] org.hibernate.Version                    : HHH000412: Hibernate ORM core version 6.6.29.Final
2025-09-24T12:00:21.366+05:30  INFO 1032 --- [business-management] [restartedMain] o.h.c.internal.RegionFactoryInitiator    : HHH000026: Second-level cache disabled
2025-09-24T12:00:21.959+05:30  INFO 1032 --- [business-management] [restartedMain] o.s.o.j.p.SpringPersistenceUnitInfo      : No LoadTimeWeaver setup: ignoring JPA class transformer
2025-09-24T12:00:22.014+05:30  INFO 1032 --- [business-management] [restartedMain] com.zaxxer.hikari.HikariDataSource       : HikariPool-1 - Starting...
2025-09-24T12:00:22.429+05:30  INFO 1032 --- [business-management] [restartedMain] com.zaxxer.hikari.pool.HikariPool        : HikariPool-1 - Added connection org.postgresql.jdbc.PgConnection@6ce6d033
2025-09-24T12:00:22.432+05:30  INFO 1032 --- [business-management] [restartedMain] com.zaxxer.hikari.HikariDataSource       : HikariPool-1 - Start completed.
2025-09-24T12:00:22.502+05:30  WARN 1032 --- [business-management] [restartedMain] org.hibernate.orm.deprecation            : HHH90000025: PostgreSQLDialect does not need to be specified explicitly using 'hibernate.dialect' (remove the property setting and it will be selected by default)
2025-09-24T12:00:22.542+05:30  INFO 1032 --- [business-management] [restartedMain] org.hibernate.orm.connections.pooling    : HHH10001005: Database info:
	Database JDBC URL [Connecting through datasource 'HikariDataSource (HikariPool-1)']
	Database driver: undefined/unknown
	Database version: 16.10
	Autocommit mode: undefined/unknown
	Isolation level: undefined/unknown
	Minimum pool size: undefined/unknown
	Maximum pool size: undefined/unknown
2025-09-24T12:00:24.047+05:30  INFO 1032 --- [business-management] [restartedMain] o.h.e.t.j.p.i.JtaPlatformInitiator       : HHH000489: No JTA platform available (set 'hibernate.transaction.jta.platform' to enable JTA platform integration)
2025-09-24T12:00:24.131+05:30  INFO 1032 --- [business-management] [restartedMain] j.LocalContainerEntityManagerFactoryBean : Initialized JPA EntityManagerFactory for persistence unit 'default'
2025-09-24T12:00:24.658+05:30  WARN 1032 --- [business-management] [restartedMain] JpaBaseConfiguration$JpaWebConfiguration : spring.jpa.open-in-view is enabled by default. Therefore, database queries may be performed during view rendering. Explicitly configure spring.jpa.open-in-view to disable this warning
2025-09-24T12:00:24.715+05:30  WARN 1032 --- [business-management] [restartedMain] .s.s.UserDetailsServiceAutoConfiguration : 

Using generated security password: cf903e87-9230-491d-8a8f-b92ee894d25e

This generated password is for development use only. Your security configuration must be updated before running your application in production.

2025-09-24T12:00:24.717+05:30  INFO 1032 --- [business-management] [restartedMain] r$InitializeUserDetailsManagerConfigurer : Global AuthenticationManager configured with UserDetailsService bean with name inMemoryUserDetailsManager
2025-09-24T12:00:25.646+05:30  INFO 1032 --- [business-management] [restartedMain] o.s.b.d.a.OptionalLiveReloadServer       : LiveReload server is running on port 35729
2025-09-24T12:00:25.783+05:30  INFO 1032 --- [business-management] [restartedMain] o.s.b.w.embedded.tomcat.TomcatWebServer  : Tomcat started on port 8080 (http) with context path '/'
2025-09-24T12:00:25.798+05:30  INFO 1032 --- [business-management] [restartedMain] c.s.b.BusinessManagementApplication      : Started BusinessManagementApplication in 9.579 seconds (process running for 10.676)
2025-09-24T12:02:37.530+05:30  INFO 1032 --- [business-management] [SpringApplicationShutdownHook] o.s.b.w.e.tomcat.GracefulShutdown        : Commencing graceful shutdown. Waiting for active requests to complete
2025-09-24T12:02:37.542+05:30  INFO 1032 --- [business-management] [tomcat-shutdown] o.s.b.w.e.tomcat.GracefulShutdown        : Graceful shutdown complete
2025-09-24T12:02:37.555+05:30  INFO 1032 --- [business-management] [SpringApplicationShutdownHook] j.LocalContainerEntityManagerFactoryBean : Closing JPA EntityManagerFactory for persistence unit 'default'
2025-09-24T12:02:37.563+05:30  INFO 1032 --- [business-management] [SpringApplicationShutdownHook] com.zaxxer.hikari.HikariDataSource       : HikariPool-1 - Shutdown initiated...
2025-09-24T12:02:37.577+05:30  INFO 1032 --- [business-management] [SpringApplicationShutdownHook] com.zaxxer.hikari.HikariDataSource       : HikariPool-1 - Shutdown completed.
